c:\wow\wow-0330\mangos-tbc-master\bin\builddir\dep\src\zlib\zlib.dir\release\zutil.obj
c:\wow\wow-0330\mangos-tbc-master\bin\builddir\dep\src\zlib\zlib.dir\release\uncompr.obj
c:\wow\wow-0330\mangos-tbc-master\bin\builddir\dep\src\zlib\zlib.dir\release\trees.obj
c:\wow\wow-0330\mangos-tbc-master\bin\builddir\dep\src\zlib\zlib.dir\release\inftrees.obj
c:\wow\wow-0330\mangos-tbc-master\bin\builddir\dep\src\zlib\zlib.dir\release\inflate.obj
c:\wow\wow-0330\mangos-tbc-master\bin\builddir\dep\src\zlib\zlib.dir\release\inffast.obj
c:\wow\wow-0330\mangos-tbc-master\bin\builddir\dep\src\zlib\zlib.dir\release\infback.obj
c:\wow\wow-0330\mangos-tbc-master\bin\builddir\dep\src\zlib\zlib.dir\release\gzwrite.obj
c:\wow\wow-0330\mangos-tbc-master\bin\builddir\dep\src\zlib\zlib.dir\release\gzread.obj
c:\wow\wow-0330\mangos-tbc-master\bin\builddir\dep\src\zlib\zlib.dir\release\gzlib.obj
c:\wow\wow-0330\mangos-tbc-master\bin\builddir\dep\src\zlib\zlib.dir\release\gzclose.obj
c:\wow\wow-0330\mangos-tbc-master\bin\builddir\dep\src\zlib\zlib.dir\release\deflate.obj
c:\wow\wow-0330\mangos-tbc-master\bin\builddir\dep\src\zlib\zlib.dir\release\crc32.obj
c:\wow\wow-0330\mangos-tbc-master\bin\builddir\dep\src\zlib\zlib.dir\release\compress.obj
c:\wow\wow-0330\mangos-tbc-master\bin\builddir\dep\src\zlib\zlib.dir\release\adler32.obj
c:\wow\wow-0330\mangos-tbc-master\bin\builddir\dep\src\zlib\cmakefiles\generate.stamp
c:\wow\wow-0330\mangos-tbc-master\bin\builddir\dep\src\zlib\release\zlib.lib
c:\wow\wow-0330\mangos-tbc-master\bin\builddir\dep\src\zlib\zlib.dir\release\zlib.tlog\cl.command.1.tlog
c:\wow\wow-0330\mangos-tbc-master\bin\builddir\dep\src\zlib\zlib.dir\release\zlib.tlog\cl.read.1.tlog
c:\wow\wow-0330\mangos-tbc-master\bin\builddir\dep\src\zlib\zlib.dir\release\zlib.tlog\cl.write.1.tlog
c:\wow\wow-0330\mangos-tbc-master\bin\builddir\dep\src\zlib\zlib.dir\release\zlib.tlog\custombuild.command.1.tlog
c:\wow\wow-0330\mangos-tbc-master\bin\builddir\dep\src\zlib\zlib.dir\release\zlib.tlog\custombuild.read.1.tlog
c:\wow\wow-0330\mangos-tbc-master\bin\builddir\dep\src\zlib\zlib.dir\release\zlib.tlog\custombuild.write.1.tlog
c:\wow\wow-0330\mangos-tbc-master\bin\builddir\dep\src\zlib\zlib.dir\release\zlib.tlog\lib-link.read.1.tlog
c:\wow\wow-0330\mangos-tbc-master\bin\builddir\dep\src\zlib\zlib.dir\release\zlib.tlog\lib-link.write.1.tlog
c:\wow\wow-0330\mangos-tbc-master\bin\builddir\dep\src\zlib\zlib.dir\release\zlib.tlog\lib.command.1.tlog
