c:\wow\wow-0330\mangos-tbc-master\bin\builddir\src\shared\shared.dir\release\cmake_pch.pch
c:\wow\wow-0330\mangos-tbc-master\bin\builddir\src\shared\shared.dir\release\cmake_pch.obj
c:\wow\wow-0330\mangos-tbc-master\bin\builddir\src\shared\shared.dir\release\sha1.obj
c:\wow\wow-0330\mangos-tbc-master\bin\builddir\src\shared\shared.dir\release\field.obj
c:\wow\wow-0330\mangos-tbc-master\bin\builddir\src\shared\shared.dir\release\queryresultpostgre.obj
c:\wow\wow-0330\mangos-tbc-master\bin\builddir\src\shared\shared.dir\release\sqloperations.obj
c:\wow\wow-0330\mangos-tbc-master\bin\builddir\src\shared\shared.dir\release\bytebuffer.obj
c:\wow\wow-0330\mangos-tbc-master\bin\builddir\src\shared\shared.dir\release\packetbuffer.obj
c:\wow\wow-0330\mangos-tbc-master\bin\builddir\src\shared\shared.dir\release\common.obj
c:\wow\wow-0330\mangos-tbc-master\bin\builddir\src\shared\shared.dir\release\servicewin32.obj
c:\wow\wow-0330\mangos-tbc-master\bin\builddir\src\shared\shared.dir\release\wheatyexceptionreport.obj
c:\wow\wow-0330\mangos-tbc-master\bin\builddir\src\shared\shared.dir\release\config.obj
c:\wow\wow-0330\mangos-tbc-master\bin\builddir\src\shared\shared.dir\release\bignumber.obj
c:\wow\wow-0330\mangos-tbc-master\bin\builddir\src\shared\shared.dir\release\databasepostgre.obj
c:\wow\wow-0330\mangos-tbc-master\bin\builddir\src\shared\shared.dir\release\queryresultmysql.obj
c:\wow\wow-0330\mangos-tbc-master\bin\builddir\src\shared\shared.dir\release\sqlpreparedstatement.obj
c:\wow\wow-0330\mangos-tbc-master\bin\builddir\src\shared\shared.dir\release\dbcfileloader.obj
c:\wow\wow-0330\mangos-tbc-master\bin\builddir\src\shared\shared.dir\release\progressbar.obj
c:\wow\wow-0330\mangos-tbc-master\bin\builddir\src\shared\shared.dir\release\srp6.obj
c:\wow\wow-0330\mangos-tbc-master\bin\builddir\src\shared\shared.dir\release\socket.obj
c:\wow\wow-0330\mangos-tbc-master\bin\builddir\src\shared\shared.dir\release\authcrypt.obj
c:\wow\wow-0330\mangos-tbc-master\bin\builddir\src\shared\shared.dir\release\databasemysql.obj
c:\wow\wow-0330\mangos-tbc-master\bin\builddir\src\shared\shared.dir\release\log.obj
c:\wow\wow-0330\mangos-tbc-master\bin\builddir\src\shared\shared.dir\release\base32.obj
c:\wow\wow-0330\mangos-tbc-master\bin\builddir\src\shared\shared.dir\release\database.obj
c:\wow\wow-0330\mangos-tbc-master\bin\builddir\src\shared\shared.dir\release\util.obj
c:\wow\wow-0330\mangos-tbc-master\bin\builddir\src\shared\shared.dir\release\hmacsha1.obj
c:\wow\wow-0330\mangos-tbc-master\bin\builddir\src\shared\shared.dir\release\sqldelaythread.obj
c:\wow\wow-0330\mangos-tbc-master\bin\builddir\src\shared\shared.dir\release\sqlstorage.obj
c:\wow\wow-0330\mangos-tbc-master\bin\builddir\src\shared\shared.dir\release\threading.obj
c:\wow\wow-0330\mangos-tbc-master\bin\builddir\src\shared\cmakefiles\generate.stamp
c:\wow\wow-0330\mangos-tbc-master\bin\builddir\src\shared\release\shared.lib
c:\wow\wow-0330\mangos-tbc-master\bin\builddir\src\shared\shared.dir\release\shared.tlog\cl.command.1.tlog
c:\wow\wow-0330\mangos-tbc-master\bin\builddir\src\shared\shared.dir\release\shared.tlog\cl.read.1.tlog
c:\wow\wow-0330\mangos-tbc-master\bin\builddir\src\shared\shared.dir\release\shared.tlog\cl.write.1.tlog
c:\wow\wow-0330\mangos-tbc-master\bin\builddir\src\shared\shared.dir\release\shared.tlog\custombuild.command.1.tlog
c:\wow\wow-0330\mangos-tbc-master\bin\builddir\src\shared\shared.dir\release\shared.tlog\custombuild.read.1.tlog
c:\wow\wow-0330\mangos-tbc-master\bin\builddir\src\shared\shared.dir\release\shared.tlog\custombuild.write.1.tlog
c:\wow\wow-0330\mangos-tbc-master\bin\builddir\src\shared\shared.dir\release\shared.tlog\lib-link.read.1.tlog
c:\wow\wow-0330\mangos-tbc-master\bin\builddir\src\shared\shared.dir\release\shared.tlog\lib-link.write.1.tlog
c:\wow\wow-0330\mangos-tbc-master\bin\builddir\src\shared\shared.dir\release\shared.tlog\lib.command.1.tlog
