c:\wow\wow-0330\mangos-tbc-master\bin\builddir\src\mangosd\mangosd.dir\release\master.obj
c:\wow\wow-0330\mangos-tbc-master\bin\builddir\src\mangosd\mangosd.dir\release\worldrunnable.obj
c:\wow\wow-0330\mangos-tbc-master\bin\builddir\src\mangosd\mangosd.dir\release\soapserver.obj
c:\wow\wow-0330\mangos-tbc-master\bin\builddir\src\mangosd\mangosd.dir\release\rasocket.obj
c:\wow\wow-0330\mangos-tbc-master\bin\builddir\src\mangosd\mangosd.dir\release\main.obj
c:\wow\wow-0330\mangos-tbc-master\bin\builddir\src\mangosd\mangosd.dir\release\mangossoap.obj
c:\wow\wow-0330\mangos-tbc-master\bin\builddir\src\mangosd\mangosd.dir\release\soapc.obj
c:\wow\wow-0330\mangos-tbc-master\bin\builddir\src\mangosd\mangosd.dir\release\clirunnable.obj
c:\wow\wow-0330\mangos-tbc-master\bin\builddir\src\mangosd\cmakefiles\generate.stamp
c:\wow\wow-0330\mangos-tbc-master\bin\x64_release\mangosd.exe
c:\wow\wow-0330\mangos-tbc-master\bin\builddir\src\mangosd\mangosd.dir\release\mangosd.res
c:\wow\wow-0330\mangos-tbc-master\bin\builddir\src\mangosd\mangosd.dir\release\worldserver.tlog\cl.12032.write.1.tlog
c:\wow\wow-0330\mangos-tbc-master\bin\builddir\src\mangosd\mangosd.dir\release\worldserver.tlog\cl.command.1.tlog
c:\wow\wow-0330\mangos-tbc-master\bin\builddir\src\mangosd\mangosd.dir\release\worldserver.tlog\cl.read.1.tlog
c:\wow\wow-0330\mangos-tbc-master\bin\builddir\src\mangosd\mangosd.dir\release\worldserver.tlog\custombuild.command.1.tlog
c:\wow\wow-0330\mangos-tbc-master\bin\builddir\src\mangosd\mangosd.dir\release\worldserver.tlog\custombuild.read.1.tlog
c:\wow\wow-0330\mangos-tbc-master\bin\builddir\src\mangosd\mangosd.dir\release\worldserver.tlog\custombuild.write.1.tlog
c:\wow\wow-0330\mangos-tbc-master\bin\builddir\src\mangosd\mangosd.dir\release\worldserver.tlog\link.command.1.tlog
c:\wow\wow-0330\mangos-tbc-master\bin\builddir\src\mangosd\mangosd.dir\release\worldserver.tlog\link.read.1.tlog
c:\wow\wow-0330\mangos-tbc-master\bin\builddir\src\mangosd\mangosd.dir\release\worldserver.tlog\link.write.1.tlog
c:\wow\wow-0330\mangos-tbc-master\bin\builddir\src\mangosd\mangosd.dir\release\worldserver.tlog\rc.command.1.tlog
c:\wow\wow-0330\mangos-tbc-master\bin\builddir\src\mangosd\mangosd.dir\release\worldserver.tlog\rc.read.1.tlog
c:\wow\wow-0330\mangos-tbc-master\bin\builddir\src\mangosd\mangosd.dir\release\worldserver.tlog\rc.write.1.tlog
