  Building Custom Rule C:/WOW/WOW-0330/mangos-tbc-master/src/game/CMakeLists.txt
  cmake_pch.cxx
  Unknown compiler version - please run the configure tests and report the results
  CreatureAI.cpp
  CritterAI.cpp
  GameObjectAI.cpp
  GuardAI.cpp
  GuardianAI.cpp
  NullCreatureAI.cpp
  PetAI.cpp
  TotemAI.cpp
  UnitAI.cpp
  CreatureAIRegistry.cpp
  CreatureAISelector.cpp
  CreatureEventAI.cpp
  CreatureEventAIMgr.cpp
  CharmAI.cpp
  PlayerAI.cpp
  ScriptDevAIMgr.cpp
  CombatAI.cpp
  TimerAI.cpp
  escort_ai.cpp
  follower_ai.cpp
  guard_ai.cpp
  pet_ai.cpp
  sc_creature.cpp
  sc_grid_searchers.cpp
  sc_instance.cpp
  battlegrounds.cpp
  alterac_mountains.cpp
  arathi_highlands.cpp
  blackrock_depths.cpp
  boss_ambassador_flamelash.cpp
  boss_coren_direbrew.cpp
  boss_emperor_dagran_thaurissan.cpp
  boss_general_angerforge.cpp
  boss_high_interrogator_gerstahn.cpp
  instance_blackrock_depths.cpp
  boss_gyth.cpp
  boss_overlord_wyrmthalak.cpp
  boss_pyroguard_emberseer.cpp
  instance_blackrock_spire.cpp
  blackwing_lair.cpp
  boss_broodlord_lashlayer.cpp
  boss_chromaggus.cpp
  boss_ebonroc.cpp
  boss_firemaw.cpp
  boss_flamegor.cpp
  boss_nefarian.cpp
  boss_razorgore.cpp
  boss_vaelastrasz.cpp
  boss_victor_nefarius.cpp
  blasted_lands.cpp
  burning_steppes.cpp
  boss_mr_smite.cpp
  deadmines.cpp
  instance_deadmines.cpp
  dun_morogh.cpp
  eastern_plaguelands.cpp
  elwynn_forest.cpp
  eversong_woods.cpp
  ghostlands.cpp
  boss_thermaplugg.cpp
  gnomeregan.cpp
  instance_gnomeregan.cpp
  hinterlands.cpp
  ironforge.cpp
  isle_of_queldanas.cpp
  boss_curator.cpp
  boss_maiden_of_virtue.cpp
  boss_midnight.cpp
  boss_moroes.cpp
  boss_netherspite.cpp
  boss_nightbane.cpp
  boss_prince_malchezaar.cpp
  boss_shade_of_aran.cpp
  boss_terestian_illhoof.cpp
  bosses_opera.cpp
  chess_event.cpp
  karazhan.cpp
  karazhanScripts.cpp
  loch_modan.cpp
  boss_felblood_kaelthas.cpp
  boss_priestess_delrissa.cpp
  boss_selin_fireheart.cpp
  boss_vexallus.cpp
  instance_magisters_terrace.cpp
  magisters_terrace.cpp
  boss_baron_geddon.cpp
  boss_garr.cpp
  boss_gehennas.cpp
  boss_golemagg.cpp
  boss_lucifron.cpp
  boss_magmadar.cpp
  boss_majordomo_executus.cpp
  boss_ragnaros.cpp
  boss_shazzrah.cpp
  boss_sulfuron_harbinger.cpp
  molten_core.cpp
  molten_coreScripts.cpp
  boss_anubrekhan.cpp
  boss_faerlina.cpp
  boss_four_horsemen.cpp
  boss_gluth.cpp
  boss_gothik.cpp
  boss_grobbulus.cpp
  boss_heigan.cpp
  boss_kelthuzad.cpp
  boss_loatheb.cpp
  boss_maexxna.cpp
  boss_noth.cpp
  boss_patchwerk.cpp
  boss_razuvious.cpp
  boss_sapphiron.cpp
  boss_thaddius.cpp
  instance_naxxramas.cpp
  redridge_mountains.cpp
  boss_arcanist_doan.cpp
  boss_headless_horseman.cpp
  boss_herod.cpp
  boss_mograine_and_whitemane.cpp
  instance_scarlet_monastery.cpp
  boss_darkmaster_gandling.cpp
  boss_jandice_barov.cpp
  instance_scholomance.cpp
  scholomance.cpp
  searing_gorge.cpp
  instance_shadowfang_keep.cpp
  shadowfang_keep.cpp
  silvermoon_city.cpp
  silverpine_forest.cpp
  stormwind_city.cpp
  stranglethorn_vale.cpp
  boss_baroness_anastari.cpp
  boss_cannon_master_willey.cpp
  boss_dathrohan_balnazzar.cpp
  boss_maleki_the_pallid.cpp
  boss_order_of_silver_hand.cpp
  instance_stratholme.cpp
  stratholme.cpp
  instance_sunken_temple.cpp
  sunken_temple.cpp
  boss_brutallus.cpp
  boss_eredar_twins.cpp
  boss_felmyst.cpp
  boss_kalecgos.cpp
  boss_kiljaeden.cpp
  boss_muru.cpp
  instance_sunwell_plateau.cpp
  swamp_of_sorrows.cpp
  tirisfal_glades.cpp
  boss_archaedas.cpp
  instance_uldaman.cpp
  uldaman.cpp
  undercity.cpp
  western_plaguelands.cpp
  westfall.cpp
  wetlands.cpp
  world_eastern_kingdoms.cpp
  boss_akilzon.cpp
  boss_halazzi.cpp
  boss_janalai.cpp
  boss_malacrass.cpp
  boss_nalorakk.cpp
  boss_zuljin.cpp
  zulaman.cpp
  zulamanScripts.cpp
  boss_arlokk.cpp
  boss_hakkar.cpp
  boss_hazzarah.cpp
  boss_jeklik.cpp
  boss_jindo.cpp
  boss_mandokir.cpp
  boss_marli.cpp
  boss_renataki.cpp
  boss_thekal.cpp
  boss_venoxis.cpp
  instance_zulgurub.cpp
  zulgurub.cpp
  example_creature.cpp
  example_escort.cpp
  example_gossip_codebox.cpp
  example_misc.cpp
  ashenvale.cpp
  azshara.cpp
  azuremyst_isle.cpp
  instance_blackfathom_deeps.cpp
  bloodmyst_isle.cpp
  boss_azuregos.cpp
  boss_aeonus.cpp
  boss_chrono_lord_deja.cpp
  boss_temporus.cpp
  dark_portal.cpp
  instance_dark_portal.cpp
  boss_anetheron.cpp
  boss_archimonde.cpp
  boss_azgalor.cpp
  boss_kazrogal.cpp
  boss_rage_winterchill.cpp
  hyjal.cpp
  hyjalAI.cpp
  hyjalScripts.cpp
  instance_old_hillsbrad.cpp
  old_hillsbrad.cpp
  darkshore.cpp
  desolace.cpp
  dire_maul.cpp
  instance_dire_maul.cpp
  durotar.cpp
  dustwallow_marsh.cpp
  felwood.cpp
  feralas.cpp
  boss_noxxion.cpp
  instance_maraudon.cpp
  moonglade.cpp
  mulgore.cpp
  boss_onyxia.cpp
  instance_onyxias_lair.cpp
  orgrimmar.cpp
  instance_razorfen_downs.cpp
  razorfen_downs.cpp
  instance_razorfen_kraul.cpp
  razorfen_kraul.cpp
  boss_ayamiss.cpp
  boss_buru.cpp
  boss_kurinnaxx.cpp
  boss_moam.cpp
  boss_ossirian.cpp
  boss_rajaxx.cpp
  ruins_of_ahnqiraj.cpp
  ruins_of_ahnqirajScripts.cpp
  silithus.cpp
  stonetalon_mountains.cpp
  tanaris.cpp
  teldrassil.cpp
  boss_bug_trio.cpp
  boss_cthun.cpp
  boss_fankriss.cpp
  boss_huhuran.cpp
  boss_ouro.cpp
  boss_sartura.cpp
  boss_skeram.cpp
  boss_twinemperors.cpp
  boss_viscidus.cpp
  mob_anubisath_sentinel.cpp
  temple_of_ahnqiraj.cpp
  the_barrens.cpp
  thousand_needles.cpp
  thunder_bluff.cpp
  ungoro_crater.cpp
  instance_wailing_caverns.cpp
  wailing_caverns.cpp
  winterspring.cpp
  world_kalimdor.cpp
  boss_zumrah.cpp
  instance_zulfarrak.cpp
  zulfarrak.cpp
  boss_exarch_maladaar.cpp
  boss_shirrak.cpp
  boss_nexusprince_shaffar.cpp
  boss_pandemonius.cpp
  boss_yor.cpp
  mana_tombs.cpp
  boss_anzu.cpp
  boss_darkweaver_syth.cpp
  boss_talon_king_ikiss.cpp
  sethekk_halls.cpp
  boss_ambassador_hellmaw.cpp
  boss_blackheart_the_inciter.cpp
  boss_grandmaster_vorpil.cpp
  boss_murmur.cpp
  instance_shadow_labyrinth.cpp
  black_temple.cpp
  black_templeScripts.cpp
  boss_bloodboil.cpp
  boss_illidan.cpp
  boss_mother_shahraz.cpp
  boss_reliquary_of_souls.cpp
  boss_shade_of_akama.cpp
  boss_supremus.cpp
  boss_teron_gorefiend.cpp
  boss_warlord_najentus.cpp
  illidari_council.cpp
  blades_edge_mountains.cpp
  boss_doomlord_kazzak.cpp
  boss_doomwalker.cpp
  boss_terokk.cpp
  boss_fathomlord_karathress.cpp
  boss_hydross_the_unstable.cpp
  boss_lady_vashj.cpp
  boss_leotheras_the_blind.cpp
  boss_morogrim_tidewalker.cpp
  boss_the_lurker_below.cpp
  serpent_shrine.cpp
  boss_ahune.cpp
  instance_slave_pens.cpp
  boss_hydromancer_thespia.cpp
  boss_mekgineer_steamrigger.cpp
  boss_warlord_kalithresh.cpp
  instance_steam_vault.cpp
  boss_black_stalker.cpp
  boss_hungarfen.cpp
  boss_swamplord_muselek.cpp
  underbog.cpp
  boss_gruul.cpp
  boss_high_king_maulgar.cpp
  instance_gruuls_lair.cpp
  boss_broggok.cpp
  boss_kelidan_the_breaker.cpp
  boss_the_maker.cpp
  instance_blood_furnace.cpp
  boss_nazan_and_vazruden.cpp
  boss_omor_the_unscarred.cpp
  boss_watchkeeper_gargolmar.cpp
  instance_hellfire_ramparts.cpp
  boss_magtheridon.cpp
  magtheridons_lair.cpp
  boss_nethekurse.cpp
  boss_warbringer_omrogg.cpp
  boss_warchief_kargath_bladefist.cpp
  instance_shattered_halls.cpp
  hellfire_peninsula.cpp
  nagrand.cpp
  netherstorm.cpp
  shadowmoon_valley.cpp
  shattrath_city.cpp
  arcatraz.cpp
  boss_dalliah.cpp
  boss_harbinger_skyriss.cpp
  boss_soccothrates.cpp
  instance_arcatraz.cpp
  boss_high_botanist_freywinn.cpp
  boss_laj.cpp
  boss_thorngrin_the_tender.cpp
  boss_warp_splinter.cpp
  boss_alar.cpp
  boss_astromancer.cpp
  boss_kaelthas.cpp
  boss_void_reaver.cpp
  the_eye.cpp
  boss_mechano_lord_capacitus.cpp
  boss_nethermancer_sepethrea.cpp
  boss_pathaleon_the_calculator.cpp
  instance_mechanar.cpp
  terokkar_forest.cpp
  world_outland.cpp
  zangarmarsh.cpp
  areatrigger_scripts.cpp
  bosses_emerald_dragons.cpp
  go_scripts.cpp
  guards.cpp
  item_scripts.cpp
  mob_generic_creature.cpp
  npc_professions.cpp
  npcs_special.cpp
  quest_scripts.cpp
  spell_scripts.cpp
  world_map_scripts.cpp
  ScriptLoader.cpp
  system.cpp
  AccountMgr.cpp
  AddonHandler.cpp
  ArenaTeam.cpp
  ArenaTeamHandler.cpp
  AuctionHouseHandler.cpp
  AuctionHouseMgr.cpp
  AuctionHouseBot.cpp
  BattleGround.cpp
  BattleGroundAA.cpp
  BattleGroundAB.cpp
  BattleGroundAV.cpp
  BattleGroundBE.cpp
  BattleGroundEY.cpp
  BattleGroundHandler.cpp
  BattleGroundMgr.cpp
  BattleGroundNA.cpp
  BattleGroundRL.cpp
  BattleGroundWS.cpp
  Channel.cpp
  ChannelHandler.cpp
  ChannelMgr.cpp
  Chat.cpp
  ChatHandler.cpp
  Level0.cpp
  Level1.cpp
  Level2.cpp
  Level3.cpp
  PetCommands.cpp
  TicketCommands.cpp
  debugcmds.cpp
  CinematicMgr.cpp
  M2Stores.cpp
  CombatHandler.cpp
  CombatManager.cpp
  DuelHandler.cpp
  HostileRefManager.cpp
  ThreatManager.cpp
  ScriptMgr.cpp
  Bag.cpp
  Camera.cpp
  CharacterHandler.cpp
  Corpse.cpp
  Creature.cpp
  CreatureLinkingMgr.cpp
  DynamicObject.cpp
  EntitiesMgr.cpp
  GameObject.cpp
  GossipDef.cpp
  Item.cpp
  ItemEnchantmentMgr.cpp
  ItemHandler.cpp
  MiscHandler.cpp
  NPCHandler.cpp
  Object.cpp
  ObjectGuid.cpp
  ObjectVisibility.cpp
  Pet.cpp
  PetHandler.cpp
  PetitionsHandler.cpp
  Player.cpp
  QueryHandler.cpp
  Relations.cpp
  SkillHandler.cpp
  StatSystem.cpp
  Taxi.cpp
  TemporarySpawn.cpp
C:\WOW\WOW-0330\mangos-tbc-master\src\game\Entities\Player.cpp(1823,37): warning C4018: “>=”: 有符号/无符号不匹配
C:\WOW\WOW-0330\mangos-tbc-master\src\game\Entities\Player.cpp(1833,37): warning C4018: “>=”: 有符号/无符号不匹配
  Totem.cpp
  Transports.cpp
  Unit.cpp
  UpdateData.cpp
  GMTicketHandler.cpp
  GMTicketMgr.cpp
  GameEventMgr.cpp
  ObjectAccessor.cpp
  ObjectMgr.cpp
  GridNotifiers.cpp
  GridStates.cpp
  ObjectGridLoader.cpp
  Group.cpp
  GroupHandler.cpp
  GroupReference.cpp
  Guild.cpp
  GuildHandler.cpp
  GuildMgr.cpp
  LFGHandler.cpp
  LootHandler.cpp
  LootMgr.cpp
  Mail.cpp
  MailHandler.cpp
  MassMailMgr.cpp
  GridMap.cpp
  InstanceData.cpp
  Map.cpp
  MapManager.cpp
  MapPersistentStateMgr.cpp
  MapUpdater.cpp
  ObjectPosSelector.cpp
  TaxiHandler.cpp
  TransportSystem.cpp
  FollowerReference.cpp
  HomeMovementGenerator.cpp
  IdleMovementGenerator.cpp
  MotionMaster.cpp
  MoveMap.cpp
  MovementGenerator.cpp
  MovementHandler.cpp
  PathFinder.cpp
  PathMovementGenerator.cpp
  PointMovementGenerator.cpp
  RandomMovementGenerator.cpp
  TargetedMovementGenerator.cpp
  WaypointManager.cpp
  WaypointMovementGenerator.cpp
  WrapperMovementGenerator.cpp
  MoveSpline.cpp
  MoveSplineInit.cpp
  packet_builder.cpp
  spline.cpp
  util.cpp
  OutdoorPvP.cpp
  OutdoorPvPEP.cpp
  OutdoorPvPHP.cpp
  OutdoorPvPMgr.cpp
  OutdoorPvPNA.cpp
  OutdoorPvPSI.cpp
  OutdoorPvPTF.cpp
  OutdoorPvPZM.cpp
  PoolManager.cpp
  QuestDef.cpp
  QuestHandler.cpp
  ReputationMgr.cpp
  DBCStores.cpp
  Opcodes.cpp
  SQLStorages.cpp
  WorldSession.cpp
  WorldSocket.cpp
  SkillDiscovery.cpp
  SkillExtraItems.cpp
  SocialMgr.cpp
  Druid.cpp
  Hunter.cpp
  Mage.cpp
  Paladin.cpp
  Priest.cpp
  Rogue.cpp
  Shaman.cpp
  Warlock.cpp
  Warrior.cpp
  SpellScript.cpp
  Spell.cpp
  SpellAuras.cpp
  SpellEffects.cpp
  SpellHandler.cpp
  SpellMgr.cpp
  SpellTargets.cpp
  UnitAuraProcHandler.cpp
  CharacterDatabaseCleaner.cpp
  PlayerDump.cpp
  TradeHandler.cpp
  VoiceChatHandler.cpp
  Weather.cpp
  World.cpp
  WorldState.cpp
  BIH.cpp
  DynamicTree.cpp
  GameObjectModel.cpp
  MapTree.cpp
  ModelInstance.cpp
  TileAssembler.cpp
  VMapFactory.cpp
  VMapManager2.cpp
  WorldModel.cpp
  game.vcxproj -> C:\WOW\WOW-0330\mangos-tbc-master\bin\BuildDir\src\game\Release\game.lib
