c:\wow\wow-0330\mangos-tbc-master\bin\builddir\src\game\game.dir\release\cmake_pch.pch
c:\wow\wow-0330\mangos-tbc-master\bin\builddir\src\game\game.dir\release\cmake_pch.obj
c:\wow\wow-0330\mangos-tbc-master\bin\builddir\src\game\game.dir\release\guardianai.obj
c:\wow\wow-0330\mangos-tbc-master\bin\builddir\src\game\game.dir\release\creatureaiselector.obj
c:\wow\wow-0330\mangos-tbc-master\bin\builddir\src\game\game.dir\release\timerai.obj
c:\wow\wow-0330\mangos-tbc-master\bin\builddir\src\game\game.dir\release\alterac_mountains.obj
c:\wow\wow-0330\mangos-tbc-master\bin\builddir\src\game\game.dir\release\blackrock_depths.obj
c:\wow\wow-0330\mangos-tbc-master\bin\builddir\src\game\game.dir\release\blackwing_lair.obj
c:\wow\wow-0330\mangos-tbc-master\bin\builddir\src\game\game.dir\release\boss_flamegor.obj
c:\wow\wow-0330\mangos-tbc-master\bin\builddir\src\game\game.dir\release\burning_steppes.obj
c:\wow\wow-0330\mangos-tbc-master\bin\builddir\src\game\game.dir\release\dun_morogh.obj
c:\wow\wow-0330\mangos-tbc-master\bin\builddir\src\game\game.dir\release\eversong_woods.obj
c:\wow\wow-0330\mangos-tbc-master\bin\builddir\src\game\game.dir\release\isle_of_queldanas.obj
c:\wow\wow-0330\mangos-tbc-master\bin\builddir\src\game\game.dir\release\boss_netherspite.obj
c:\wow\wow-0330\mangos-tbc-master\bin\builddir\src\game\game.dir\release\boss_prince_malchezaar.obj
c:\wow\wow-0330\mangos-tbc-master\bin\builddir\src\game\game.dir\release\karazhan.obj
c:\wow\wow-0330\mangos-tbc-master\bin\builddir\src\game\game.dir\release\magisters_terrace.obj
c:\wow\wow-0330\mangos-tbc-master\bin\builddir\src\game\game.dir\release\boss_golemagg.obj
c:\wow\wow-0330\mangos-tbc-master\bin\builddir\src\game\game.dir\release\boss_sulfuron_harbinger.obj
c:\wow\wow-0330\mangos-tbc-master\bin\builddir\src\game\game.dir\release\boss_grobbulus.obj
c:\wow\wow-0330\mangos-tbc-master\bin\builddir\src\game\game.dir\release\boss_patchwerk.obj
c:\wow\wow-0330\mangos-tbc-master\bin\builddir\src\game\game.dir\release\instance_naxxramas.obj
c:\wow\wow-0330\mangos-tbc-master\bin\builddir\src\game\game.dir\release\stranglethorn_vale.obj
c:\wow\wow-0330\mangos-tbc-master\bin\builddir\src\game\game.dir\release\boss_dathrohan_balnazzar.obj
c:\wow\wow-0330\mangos-tbc-master\bin\builddir\src\game\game.dir\release\stratholme.obj
c:\wow\wow-0330\mangos-tbc-master\bin\builddir\src\game\game.dir\release\boss_brutallus.obj
c:\wow\wow-0330\mangos-tbc-master\bin\builddir\src\game\game.dir\release\boss_muru.obj
c:\wow\wow-0330\mangos-tbc-master\bin\builddir\src\game\game.dir\release\instance_uldaman.obj
c:\wow\wow-0330\mangos-tbc-master\bin\builddir\src\game\game.dir\release\boss_nalorakk.obj
c:\wow\wow-0330\mangos-tbc-master\bin\builddir\src\game\game.dir\release\boss_arlokk.obj
c:\wow\wow-0330\mangos-tbc-master\bin\builddir\src\game\game.dir\release\boss_mandokir.obj
c:\wow\wow-0330\mangos-tbc-master\bin\builddir\src\game\game.dir\release\instance_zulgurub.obj
c:\wow\wow-0330\mangos-tbc-master\bin\builddir\src\game\game.dir\release\dark_portal.obj
c:\wow\wow-0330\mangos-tbc-master\bin\builddir\src\game\game.dir\release\boss_azgalor.obj
c:\wow\wow-0330\mangos-tbc-master\bin\builddir\src\game\game.dir\release\hyjalscripts.obj
c:\wow\wow-0330\mangos-tbc-master\bin\builddir\src\game\game.dir\release\dire_maul.obj
c:\wow\wow-0330\mangos-tbc-master\bin\builddir\src\game\game.dir\release\dustwallow_marsh.obj
c:\wow\wow-0330\mangos-tbc-master\bin\builddir\src\game\game.dir\release\instance_razorfen_downs.obj
c:\wow\wow-0330\mangos-tbc-master\bin\builddir\src\game\game.dir\release\boss_moam.obj
c:\wow\wow-0330\mangos-tbc-master\bin\builddir\src\game\game.dir\release\ruins_of_ahnqirajscripts.obj
c:\wow\wow-0330\mangos-tbc-master\bin\builddir\src\game\game.dir\release\stonetalon_mountains.obj
c:\wow\wow-0330\mangos-tbc-master\bin\builddir\src\game\game.dir\release\teldrassil.obj
c:\wow\wow-0330\mangos-tbc-master\bin\builddir\src\game\game.dir\release\boss_cthun.obj
c:\wow\wow-0330\mangos-tbc-master\bin\builddir\src\game\game.dir\release\boss_sartura.obj
c:\wow\wow-0330\mangos-tbc-master\bin\builddir\src\game\game.dir\release\mob_anubisath_sentinel.obj
c:\wow\wow-0330\mangos-tbc-master\bin\builddir\src\game\game.dir\release\thunder_bluff.obj
c:\wow\wow-0330\mangos-tbc-master\bin\builddir\src\game\game.dir\release\wailing_caverns.obj
c:\wow\wow-0330\mangos-tbc-master\bin\builddir\src\game\game.dir\release\boss_zumrah.obj
c:\wow\wow-0330\mangos-tbc-master\bin\builddir\src\game\game.dir\release\mana_tombs.obj
c:\wow\wow-0330\mangos-tbc-master\bin\builddir\src\game\game.dir\release\boss_blackheart_the_inciter.obj
c:\wow\wow-0330\mangos-tbc-master\bin\builddir\src\game\game.dir\release\boss_murmur.obj
c:\wow\wow-0330\mangos-tbc-master\bin\builddir\src\game\game.dir\release\black_templescripts.obj
c:\wow\wow-0330\mangos-tbc-master\bin\builddir\src\game\game.dir\release\boss_reliquary_of_souls.obj
c:\wow\wow-0330\mangos-tbc-master\bin\builddir\src\game\game.dir\release\illidari_council.obj
c:\wow\wow-0330\mangos-tbc-master\bin\builddir\src\game\game.dir\release\boss_lady_vashj.obj
c:\wow\wow-0330\mangos-tbc-master\bin\builddir\src\game\game.dir\release\boss_mekgineer_steamrigger.obj
c:\wow\wow-0330\mangos-tbc-master\bin\builddir\src\game\game.dir\release\boss_warlord_kalithresh.obj
c:\wow\wow-0330\mangos-tbc-master\bin\builddir\src\game\game.dir\release\boss_high_king_maulgar.obj
c:\wow\wow-0330\mangos-tbc-master\bin\builddir\src\game\game.dir\release\instance_blood_furnace.obj
c:\wow\wow-0330\mangos-tbc-master\bin\builddir\src\game\game.dir\release\netherstorm.obj
c:\wow\wow-0330\mangos-tbc-master\bin\builddir\src\game\game.dir\release\boss_astromancer.obj
c:\wow\wow-0330\mangos-tbc-master\bin\builddir\src\game\game.dir\release\the_eye.obj
c:\wow\wow-0330\mangos-tbc-master\bin\builddir\src\game\game.dir\release\areatrigger_scripts.obj
c:\wow\wow-0330\mangos-tbc-master\bin\builddir\src\game\game.dir\release\go_scripts.obj
c:\wow\wow-0330\mangos-tbc-master\bin\builddir\src\game\game.dir\release\battleground.obj
c:\wow\wow-0330\mangos-tbc-master\bin\builddir\src\game\game.dir\release\chat.obj
c:\wow\wow-0330\mangos-tbc-master\bin\builddir\src\game\game.dir\release\objectguid.obj
c:\wow\wow-0330\mangos-tbc-master\bin\builddir\src\game\game.dir\release\pethandler.obj
c:\wow\wow-0330\mangos-tbc-master\bin\builddir\src\game\game.dir\release\queryhandler.obj
c:\wow\wow-0330\mangos-tbc-master\bin\builddir\src\game\game.dir\release\transports.obj
c:\wow\wow-0330\mangos-tbc-master\bin\builddir\src\game\game.dir\release\objectmgr.obj
c:\wow\wow-0330\mangos-tbc-master\bin\builddir\src\game\game.dir\release\dbcstores.obj
c:\wow\wow-0330\mangos-tbc-master\bin\builddir\src\game\game.dir\release\unitauraprochandler.obj
c:\wow\wow-0330\mangos-tbc-master\bin\builddir\src\game\game.dir\release\weather.obj
c:\wow\wow-0330\mangos-tbc-master\bin\builddir\src\game\game.dir\release\gameobjectmodel.obj
c:\wow\wow-0330\mangos-tbc-master\bin\builddir\src\game\game.dir\release\vmapfactory.obj
c:\wow\wow-0330\mangos-tbc-master\bin\builddir\src\game\game.dir\release\guardai.obj
c:\wow\wow-0330\mangos-tbc-master\bin\builddir\src\game\game.dir\release\creatureairegistry.obj
c:\wow\wow-0330\mangos-tbc-master\bin\builddir\src\game\game.dir\release\scriptdevaimgr.obj
c:\wow\wow-0330\mangos-tbc-master\bin\builddir\src\game\game.dir\release\sc_creature.obj
c:\wow\wow-0330\mangos-tbc-master\bin\builddir\src\game\game.dir\release\boss_ambassador_flamelash.obj
c:\wow\wow-0330\mangos-tbc-master\bin\builddir\src\game\game.dir\release\instance_blackrock_depths.obj
c:\wow\wow-0330\mangos-tbc-master\bin\builddir\src\game\game.dir\release\boss_ebonroc.obj
c:\wow\wow-0330\mangos-tbc-master\bin\builddir\src\game\game.dir\release\boss_victor_nefarius.obj
c:\wow\wow-0330\mangos-tbc-master\bin\builddir\src\game\game.dir\release\eastern_plaguelands.obj
c:\wow\wow-0330\mangos-tbc-master\bin\builddir\src\game\game.dir\release\instance_gnomeregan.obj
c:\wow\wow-0330\mangos-tbc-master\bin\builddir\src\game\game.dir\release\boss_nightbane.obj
c:\wow\wow-0330\mangos-tbc-master\bin\builddir\src\game\game.dir\release\boss_vexallus.obj
c:\wow\wow-0330\mangos-tbc-master\bin\builddir\src\game\game.dir\release\boss_lucifron.obj
c:\wow\wow-0330\mangos-tbc-master\bin\builddir\src\game\game.dir\release\molten_core.obj
c:\wow\wow-0330\mangos-tbc-master\bin\builddir\src\game\game.dir\release\boss_anubrekhan.obj
c:\wow\wow-0330\mangos-tbc-master\bin\builddir\src\game\game.dir\release\boss_gluth.obj
c:\wow\wow-0330\mangos-tbc-master\bin\builddir\src\game\game.dir\release\boss_maexxna.obj
c:\wow\wow-0330\mangos-tbc-master\bin\builddir\src\game\game.dir\release\boss_herod.obj
c:\wow\wow-0330\mangos-tbc-master\bin\builddir\src\game\game.dir\release\boss_jandice_barov.obj
c:\wow\wow-0330\mangos-tbc-master\bin\builddir\src\game\game.dir\release\silvermoon_city.obj
c:\wow\wow-0330\mangos-tbc-master\bin\builddir\src\game\game.dir\release\stormwind_city.obj
c:\wow\wow-0330\mangos-tbc-master\bin\builddir\src\game\game.dir\release\sunken_temple.obj
c:\wow\wow-0330\mangos-tbc-master\bin\builddir\src\game\game.dir\release\boss_eredar_twins.obj
c:\wow\wow-0330\mangos-tbc-master\bin\builddir\src\game\game.dir\release\boss_kiljaeden.obj
c:\wow\wow-0330\mangos-tbc-master\bin\builddir\src\game\game.dir\release\boss_archaedas.obj
c:\wow\wow-0330\mangos-tbc-master\bin\builddir\src\game\game.dir\release\western_plaguelands.obj
c:\wow\wow-0330\mangos-tbc-master\bin\builddir\src\game\game.dir\release\boss_malacrass.obj
c:\wow\wow-0330\mangos-tbc-master\bin\builddir\src\game\game.dir\release\boss_hakkar.obj
c:\wow\wow-0330\mangos-tbc-master\bin\builddir\src\game\game.dir\release\boss_hazzarah.obj
c:\wow\wow-0330\mangos-tbc-master\bin\builddir\src\game\game.dir\release\boss_jindo.obj
c:\wow\wow-0330\mangos-tbc-master\bin\builddir\src\game\game.dir\release\boss_venoxis.obj
c:\wow\wow-0330\mangos-tbc-master\bin\builddir\src\game\game.dir\release\example_gossip_codebox.obj
c:\wow\wow-0330\mangos-tbc-master\bin\builddir\src\game\game.dir\release\instance_blackfathom_deeps.obj
c:\wow\wow-0330\mangos-tbc-master\bin\builddir\src\game\game.dir\release\boss_archimonde.obj
c:\wow\wow-0330\mangos-tbc-master\bin\builddir\src\game\game.dir\release\old_hillsbrad.obj
c:\wow\wow-0330\mangos-tbc-master\bin\builddir\src\game\game.dir\release\felwood.obj
c:\wow\wow-0330\mangos-tbc-master\bin\builddir\src\game\game.dir\release\mulgore.obj
c:\wow\wow-0330\mangos-tbc-master\bin\builddir\src\game\game.dir\release\boss_onyxia.obj
c:\wow\wow-0330\mangos-tbc-master\bin\builddir\src\game\game.dir\release\boss_kurinnaxx.obj
c:\wow\wow-0330\mangos-tbc-master\bin\builddir\src\game\game.dir\release\silithus.obj
c:\wow\wow-0330\mangos-tbc-master\bin\builddir\src\game\game.dir\release\boss_bug_trio.obj
c:\wow\wow-0330\mangos-tbc-master\bin\builddir\src\game\game.dir\release\boss_skeram.obj
c:\wow\wow-0330\mangos-tbc-master\bin\builddir\src\game\game.dir\release\instance_wailing_caverns.obj
c:\wow\wow-0330\mangos-tbc-master\bin\builddir\src\game\game.dir\release\boss_exarch_maladaar.obj
c:\wow\wow-0330\mangos-tbc-master\bin\builddir\src\game\game.dir\release\boss_yor.obj
c:\wow\wow-0330\mangos-tbc-master\bin\builddir\src\game\game.dir\release\instance_shadow_labyrinth.obj
c:\wow\wow-0330\mangos-tbc-master\bin\builddir\src\game\game.dir\release\boss_supremus.obj
c:\wow\wow-0330\mangos-tbc-master\bin\builddir\src\game\game.dir\release\boss_doomwalker.obj
c:\wow\wow-0330\mangos-tbc-master\bin\builddir\src\game\game.dir\release\boss_leotheras_the_blind.obj
c:\wow\wow-0330\mangos-tbc-master\bin\builddir\src\game\game.dir\release\serpent_shrine.obj
c:\wow\wow-0330\mangos-tbc-master\bin\builddir\src\game\game.dir\release\boss_swamplord_muselek.obj
c:\wow\wow-0330\mangos-tbc-master\bin\builddir\src\game\game.dir\release\boss_nazan_and_vazruden.obj
c:\wow\wow-0330\mangos-tbc-master\bin\builddir\src\game\game.dir\release\boss_magtheridon.obj
c:\wow\wow-0330\mangos-tbc-master\bin\builddir\src\game\game.dir\release\boss_warbringer_omrogg.obj
c:\wow\wow-0330\mangos-tbc-master\bin\builddir\src\game\game.dir\release\boss_warchief_kargath_bladefist.obj
c:\wow\wow-0330\mangos-tbc-master\bin\builddir\src\game\game.dir\release\shattrath_city.obj
c:\wow\wow-0330\mangos-tbc-master\bin\builddir\src\game\game.dir\release\boss_dalliah.obj
c:\wow\wow-0330\mangos-tbc-master\bin\builddir\src\game\game.dir\release\boss_high_botanist_freywinn.obj
c:\wow\wow-0330\mangos-tbc-master\bin\builddir\src\game\game.dir\release\boss_warp_splinter.obj
c:\wow\wow-0330\mangos-tbc-master\bin\builddir\src\game\game.dir\release\boss_void_reaver.obj
c:\wow\wow-0330\mangos-tbc-master\bin\builddir\src\game\game.dir\release\terokkar_forest.obj
c:\wow\wow-0330\mangos-tbc-master\bin\builddir\src\game\game.dir\release\guards.obj
c:\wow\wow-0330\mangos-tbc-master\bin\builddir\src\game\game.dir\release\npc_professions.obj
c:\wow\wow-0330\mangos-tbc-master\bin\builddir\src\game\game.dir\release\spell_scripts.obj
c:\wow\wow-0330\mangos-tbc-master\bin\builddir\src\game\game.dir\release\scriptloader.obj
c:\wow\wow-0330\mangos-tbc-master\bin\builddir\src\game\game.dir\release\accountmgr.obj
c:\wow\wow-0330\mangos-tbc-master\bin\builddir\src\game\game.dir\release\auctionhousemgr.obj
c:\wow\wow-0330\mangos-tbc-master\bin\builddir\src\game\game.dir\release\battlegroundhandler.obj
c:\wow\wow-0330\mangos-tbc-master\bin\builddir\src\game\game.dir\release\channelmgr.obj
c:\wow\wow-0330\mangos-tbc-master\bin\builddir\src\game\game.dir\release\level2.obj
c:\wow\wow-0330\mangos-tbc-master\bin\builddir\src\game\game.dir\release\corpse.obj
c:\wow\wow-0330\mangos-tbc-master\bin\builddir\src\game\game.dir\release\creature.obj
c:\wow\wow-0330\mangos-tbc-master\bin\builddir\src\game\game.dir\release\object.obj
c:\wow\wow-0330\mangos-tbc-master\bin\builddir\src\game\game.dir\release\gmtickethandler.obj
c:\wow\wow-0330\mangos-tbc-master\bin\builddir\src\game\game.dir\release\objectaccessor.obj
c:\wow\wow-0330\mangos-tbc-master\bin\builddir\src\game\game.dir\release\gridnotifiers.obj
c:\wow\wow-0330\mangos-tbc-master\bin\builddir\src\game\game.dir\release\gridstates.obj
c:\wow\wow-0330\mangos-tbc-master\bin\builddir\src\game\game.dir\release\objectgridloader.obj
c:\wow\wow-0330\mangos-tbc-master\bin\builddir\src\game\game.dir\release\group.obj
c:\wow\wow-0330\mangos-tbc-master\bin\builddir\src\game\game.dir\release\lfghandler.obj
c:\wow\wow-0330\mangos-tbc-master\bin\builddir\src\game\game.dir\release\lootmgr.obj
c:\wow\wow-0330\mangos-tbc-master\bin\builddir\src\game\game.dir\release\mapupdater.obj
c:\wow\wow-0330\mangos-tbc-master\bin\builddir\src\game\game.dir\release\transportsystem.obj
c:\wow\wow-0330\mangos-tbc-master\bin\builddir\src\game\game.dir\release\homemovementgenerator.obj
c:\wow\wow-0330\mangos-tbc-master\bin\builddir\src\game\game.dir\release\pathfinder.obj
c:\wow\wow-0330\mangos-tbc-master\bin\builddir\src\game\game.dir\release\targetedmovementgenerator.obj
c:\wow\wow-0330\mangos-tbc-master\bin\builddir\src\game\game.dir\release\packet_builder.obj
c:\wow\wow-0330\mangos-tbc-master\bin\builddir\src\game\game.dir\release\outdoorpvp.obj
c:\wow\wow-0330\mangos-tbc-master\bin\builddir\src\game\game.dir\release\outdoorpvptf.obj
c:\wow\wow-0330\mangos-tbc-master\bin\builddir\src\game\game.dir\release\reputationmgr.obj
c:\wow\wow-0330\mangos-tbc-master\bin\builddir\src\game\game.dir\release\opcodes.obj
c:\wow\wow-0330\mangos-tbc-master\bin\builddir\src\game\game.dir\release\worldsocket.obj
c:\wow\wow-0330\mangos-tbc-master\bin\builddir\src\game\game.dir\release\skillextraitems.obj
c:\wow\wow-0330\mangos-tbc-master\bin\builddir\src\game\game.dir\release\druid.obj
c:\wow\wow-0330\mangos-tbc-master\bin\builddir\src\game\game.dir\release\hunter.obj
c:\wow\wow-0330\mangos-tbc-master\bin\builddir\src\game\game.dir\release\rogue.obj
c:\wow\wow-0330\mangos-tbc-master\bin\builddir\src\game\game.dir\release\warlock.obj
c:\wow\wow-0330\mangos-tbc-master\bin\builddir\src\game\game.dir\release\spellscript.obj
c:\wow\wow-0330\mangos-tbc-master\bin\builddir\src\game\game.dir\release\spellhandler.obj
c:\wow\wow-0330\mangos-tbc-master\bin\builddir\src\game\game.dir\release\spellmgr.obj
c:\wow\wow-0330\mangos-tbc-master\bin\builddir\src\game\game.dir\release\playerdump.obj
c:\wow\wow-0330\mangos-tbc-master\bin\builddir\src\game\game.dir\release\maptree.obj
c:\wow\wow-0330\mangos-tbc-master\bin\builddir\src\game\game.dir\release\critterai.obj
c:\wow\wow-0330\mangos-tbc-master\bin\builddir\src\game\game.dir\release\totemai.obj
c:\wow\wow-0330\mangos-tbc-master\bin\builddir\src\game\game.dir\release\charmai.obj
c:\wow\wow-0330\mangos-tbc-master\bin\builddir\src\game\game.dir\release\playerai.obj
c:\wow\wow-0330\mangos-tbc-master\bin\builddir\src\game\game.dir\release\escort_ai.obj
c:\wow\wow-0330\mangos-tbc-master\bin\builddir\src\game\game.dir\release\pet_ai.obj
c:\wow\wow-0330\mangos-tbc-master\bin\builddir\src\game\game.dir\release\sc_instance.obj
c:\wow\wow-0330\mangos-tbc-master\bin\builddir\src\game\game.dir\release\battlegrounds.obj
c:\wow\wow-0330\mangos-tbc-master\bin\builddir\src\game\game.dir\release\arathi_highlands.obj
c:\wow\wow-0330\mangos-tbc-master\bin\builddir\src\game\game.dir\release\boss_coren_direbrew.obj
c:\wow\wow-0330\mangos-tbc-master\bin\builddir\src\game\game.dir\release\boss_high_interrogator_gerstahn.obj
c:\wow\wow-0330\mangos-tbc-master\bin\builddir\src\game\game.dir\release\boss_pyroguard_emberseer.obj
c:\wow\wow-0330\mangos-tbc-master\bin\builddir\src\game\game.dir\release\boss_chromaggus.obj
c:\wow\wow-0330\mangos-tbc-master\bin\builddir\src\game\game.dir\release\boss_vaelastrasz.obj
c:\wow\wow-0330\mangos-tbc-master\bin\builddir\src\game\game.dir\release\ghostlands.obj
c:\wow\wow-0330\mangos-tbc-master\bin\builddir\src\game\game.dir\release\hinterlands.obj
c:\wow\wow-0330\mangos-tbc-master\bin\builddir\src\game\game.dir\release\boss_moroes.obj
c:\wow\wow-0330\mangos-tbc-master\bin\builddir\src\game\game.dir\release\chess_event.obj
c:\wow\wow-0330\mangos-tbc-master\bin\builddir\src\game\game.dir\release\instance_magisters_terrace.obj
c:\wow\wow-0330\mangos-tbc-master\bin\builddir\src\game\game.dir\release\boss_magmadar.obj
c:\wow\wow-0330\mangos-tbc-master\bin\builddir\src\game\game.dir\release\molten_corescripts.obj
c:\wow\wow-0330\mangos-tbc-master\bin\builddir\src\game\game.dir\release\boss_faerlina.obj
c:\wow\wow-0330\mangos-tbc-master\bin\builddir\src\game\game.dir\release\boss_kelthuzad.obj
c:\wow\wow-0330\mangos-tbc-master\bin\builddir\src\game\game.dir\release\boss_razuvious.obj
c:\wow\wow-0330\mangos-tbc-master\bin\builddir\src\game\game.dir\release\boss_arcanist_doan.obj
c:\wow\wow-0330\mangos-tbc-master\bin\builddir\src\game\game.dir\release\instance_scarlet_monastery.obj
c:\wow\wow-0330\mangos-tbc-master\bin\builddir\src\game\game.dir\release\instance_shadowfang_keep.obj
c:\wow\wow-0330\mangos-tbc-master\bin\builddir\src\game\game.dir\release\boss_maleki_the_pallid.obj
c:\wow\wow-0330\mangos-tbc-master\bin\builddir\src\game\game.dir\release\instance_sunken_temple.obj
c:\wow\wow-0330\mangos-tbc-master\bin\builddir\src\game\game.dir\release\swamp_of_sorrows.obj
c:\wow\wow-0330\mangos-tbc-master\bin\builddir\src\game\game.dir\release\uldaman.obj
c:\wow\wow-0330\mangos-tbc-master\bin\builddir\src\game\game.dir\release\wetlands.obj
c:\wow\wow-0330\mangos-tbc-master\bin\builddir\src\game\game.dir\release\world_eastern_kingdoms.obj
c:\wow\wow-0330\mangos-tbc-master\bin\builddir\src\game\game.dir\release\boss_zuljin.obj
c:\wow\wow-0330\mangos-tbc-master\bin\builddir\src\game\game.dir\release\boss_marli.obj
c:\wow\wow-0330\mangos-tbc-master\bin\builddir\src\game\game.dir\release\example_escort.obj
c:\wow\wow-0330\mangos-tbc-master\bin\builddir\src\game\game.dir\release\azshara.obj
c:\wow\wow-0330\mangos-tbc-master\bin\builddir\src\game\game.dir\release\boss_kazrogal.obj
c:\wow\wow-0330\mangos-tbc-master\bin\builddir\src\game\game.dir\release\hyjalai.obj
c:\wow\wow-0330\mangos-tbc-master\bin\builddir\src\game\game.dir\release\desolace.obj
c:\wow\wow-0330\mangos-tbc-master\bin\builddir\src\game\game.dir\release\durotar.obj
c:\wow\wow-0330\mangos-tbc-master\bin\builddir\src\game\game.dir\release\boss_noxxion.obj
c:\wow\wow-0330\mangos-tbc-master\bin\builddir\src\game\game.dir\release\instance_maraudon.obj
c:\wow\wow-0330\mangos-tbc-master\bin\builddir\src\game\game.dir\release\razorfen_downs.obj
c:\wow\wow-0330\mangos-tbc-master\bin\builddir\src\game\game.dir\release\boss_ayamiss.obj
c:\wow\wow-0330\mangos-tbc-master\bin\builddir\src\game\game.dir\release\ruins_of_ahnqiraj.obj
c:\wow\wow-0330\mangos-tbc-master\bin\builddir\src\game\game.dir\release\boss_ouro.obj
c:\wow\wow-0330\mangos-tbc-master\bin\builddir\src\game\game.dir\release\temple_of_ahnqiraj.obj
c:\wow\wow-0330\mangos-tbc-master\bin\builddir\src\game\game.dir\release\world_kalimdor.obj
c:\wow\wow-0330\mangos-tbc-master\bin\builddir\src\game\game.dir\release\sethekk_halls.obj
c:\wow\wow-0330\mangos-tbc-master\bin\builddir\src\game\game.dir\release\boss_illidan.obj
c:\wow\wow-0330\mangos-tbc-master\bin\builddir\src\game\game.dir\release\blades_edge_mountains.obj
c:\wow\wow-0330\mangos-tbc-master\bin\builddir\src\game\game.dir\release\boss_kelidan_the_breaker.obj
c:\wow\wow-0330\mangos-tbc-master\bin\builddir\src\game\game.dir\release\nagrand.obj
c:\wow\wow-0330\mangos-tbc-master\bin\builddir\src\game\game.dir\release\arcatraz.obj
c:\wow\wow-0330\mangos-tbc-master\bin\builddir\src\game\game.dir\release\boss_harbinger_skyriss.obj
c:\wow\wow-0330\mangos-tbc-master\bin\builddir\src\game\game.dir\release\instance_arcatraz.obj
c:\wow\wow-0330\mangos-tbc-master\bin\builddir\src\game\game.dir\release\boss_mechano_lord_capacitus.obj
c:\wow\wow-0330\mangos-tbc-master\bin\builddir\src\game\game.dir\release\instance_mechanar.obj
c:\wow\wow-0330\mangos-tbc-master\bin\builddir\src\game\game.dir\release\item_scripts.obj
c:\wow\wow-0330\mangos-tbc-master\bin\builddir\src\game\game.dir\release\quest_scripts.obj
c:\wow\wow-0330\mangos-tbc-master\bin\builddir\src\game\game.dir\release\system.obj
c:\wow\wow-0330\mangos-tbc-master\bin\builddir\src\game\game.dir\release\arenateam.obj
c:\wow\wow-0330\mangos-tbc-master\bin\builddir\src\game\game.dir\release\battlegroundaa.obj
c:\wow\wow-0330\mangos-tbc-master\bin\builddir\src\game\game.dir\release\battlegroundav.obj
c:\wow\wow-0330\mangos-tbc-master\bin\builddir\src\game\game.dir\release\battlegroundna.obj
c:\wow\wow-0330\mangos-tbc-master\bin\builddir\src\game\game.dir\release\channelhandler.obj
c:\wow\wow-0330\mangos-tbc-master\bin\builddir\src\game\game.dir\release\level0.obj
c:\wow\wow-0330\mangos-tbc-master\bin\builddir\src\game\game.dir\release\level3.obj
c:\wow\wow-0330\mangos-tbc-master\bin\builddir\src\game\game.dir\release\creaturelinkingmgr.obj
c:\wow\wow-0330\mangos-tbc-master\bin\builddir\src\game\game.dir\release\gossipdef.obj
c:\wow\wow-0330\mangos-tbc-master\bin\builddir\src\game\game.dir\release\mischandler.obj
c:\wow\wow-0330\mangos-tbc-master\bin\builddir\src\game\game.dir\release\relations.obj
c:\wow\wow-0330\mangos-tbc-master\bin\builddir\src\game\game.dir\release\skillhandler.obj
c:\wow\wow-0330\mangos-tbc-master\bin\builddir\src\game\game.dir\release\statsystem.obj
c:\wow\wow-0330\mangos-tbc-master\bin\builddir\src\game\game.dir\release\totem.obj
c:\wow\wow-0330\mangos-tbc-master\bin\builddir\src\game\game.dir\release\updatedata.obj
c:\wow\wow-0330\mangos-tbc-master\bin\builddir\src\game\game.dir\release\gmticketmgr.obj
c:\wow\wow-0330\mangos-tbc-master\bin\builddir\src\game\game.dir\release\grouphandler.obj
c:\wow\wow-0330\mangos-tbc-master\bin\builddir\src\game\game.dir\release\guildhandler.obj
c:\wow\wow-0330\mangos-tbc-master\bin\builddir\src\game\game.dir\release\mailhandler.obj
c:\wow\wow-0330\mangos-tbc-master\bin\builddir\src\game\game.dir\release\gridmap.obj
c:\wow\wow-0330\mangos-tbc-master\bin\builddir\src\game\game.dir\release\mappersistentstatemgr.obj
c:\wow\wow-0330\mangos-tbc-master\bin\builddir\src\game\game.dir\release\pathmovementgenerator.obj
c:\wow\wow-0330\mangos-tbc-master\bin\builddir\src\game\game.dir\release\waypointmovementgenerator.obj
c:\wow\wow-0330\mangos-tbc-master\bin\builddir\src\game\game.dir\release\movesplineinit.obj
c:\wow\wow-0330\mangos-tbc-master\bin\builddir\src\game\game.dir\release\outdoorpvpep.obj
c:\wow\wow-0330\mangos-tbc-master\bin\builddir\src\game\game.dir\release\outdoorpvpsi.obj
c:\wow\wow-0330\mangos-tbc-master\bin\builddir\src\game\game.dir\release\questdef.obj
c:\wow\wow-0330\mangos-tbc-master\bin\builddir\src\game\game.dir\release\sqlstorages.obj
c:\wow\wow-0330\mangos-tbc-master\bin\builddir\src\game\game.dir\release\skilldiscovery.obj
c:\wow\wow-0330\mangos-tbc-master\bin\builddir\src\game\game.dir\release\socialmgr.obj
c:\wow\wow-0330\mangos-tbc-master\bin\builddir\src\game\game.dir\release\spelleffects.obj
c:\wow\wow-0330\mangos-tbc-master\bin\builddir\src\game\game.dir\release\vmapmanager2.obj
c:\wow\wow-0330\mangos-tbc-master\bin\builddir\src\game\game.dir\release\creatureai.obj
c:\wow\wow-0330\mangos-tbc-master\bin\builddir\src\game\game.dir\release\creatureeventaimgr.obj
c:\wow\wow-0330\mangos-tbc-master\bin\builddir\src\game\game.dir\release\boss_razorgore.obj
c:\wow\wow-0330\mangos-tbc-master\bin\builddir\src\game\game.dir\release\instance_deadmines.obj
c:\wow\wow-0330\mangos-tbc-master\bin\builddir\src\game\game.dir\release\boss_maiden_of_virtue.obj
c:\wow\wow-0330\mangos-tbc-master\bin\builddir\src\game\game.dir\release\bosses_opera.obj
c:\wow\wow-0330\mangos-tbc-master\bin\builddir\src\game\game.dir\release\loch_modan.obj
c:\wow\wow-0330\mangos-tbc-master\bin\builddir\src\game\game.dir\release\boss_felblood_kaelthas.obj
c:\wow\wow-0330\mangos-tbc-master\bin\builddir\src\game\game.dir\release\boss_gehennas.obj
c:\wow\wow-0330\mangos-tbc-master\bin\builddir\src\game\game.dir\release\boss_majordomo_executus.obj
c:\wow\wow-0330\mangos-tbc-master\bin\builddir\src\game\game.dir\release\boss_gothik.obj
c:\wow\wow-0330\mangos-tbc-master\bin\builddir\src\game\game.dir\release\boss_noth.obj
c:\wow\wow-0330\mangos-tbc-master\bin\builddir\src\game\game.dir\release\redridge_mountains.obj
c:\wow\wow-0330\mangos-tbc-master\bin\builddir\src\game\game.dir\release\boss_mograine_and_whitemane.obj
c:\wow\wow-0330\mangos-tbc-master\bin\builddir\src\game\game.dir\release\scholomance.obj
c:\wow\wow-0330\mangos-tbc-master\bin\builddir\src\game\game.dir\release\shadowfang_keep.obj
c:\wow\wow-0330\mangos-tbc-master\bin\builddir\src\game\game.dir\release\boss_cannon_master_willey.obj
c:\wow\wow-0330\mangos-tbc-master\bin\builddir\src\game\game.dir\release\instance_stratholme.obj
c:\wow\wow-0330\mangos-tbc-master\bin\builddir\src\game\game.dir\release\westfall.obj
c:\wow\wow-0330\mangos-tbc-master\bin\builddir\src\game\game.dir\release\boss_akilzon.obj
c:\wow\wow-0330\mangos-tbc-master\bin\builddir\src\game\game.dir\release\zulaman.obj
c:\wow\wow-0330\mangos-tbc-master\bin\builddir\src\game\game.dir\release\zulgurub.obj
c:\wow\wow-0330\mangos-tbc-master\bin\builddir\src\game\game.dir\release\example_misc.obj
c:\wow\wow-0330\mangos-tbc-master\bin\builddir\src\game\game.dir\release\azuremyst_isle.obj
c:\wow\wow-0330\mangos-tbc-master\bin\builddir\src\game\game.dir\release\boss_aeonus.obj
c:\wow\wow-0330\mangos-tbc-master\bin\builddir\src\game\game.dir\release\instance_dark_portal.obj
c:\wow\wow-0330\mangos-tbc-master\bin\builddir\src\game\game.dir\release\boss_rage_winterchill.obj
c:\wow\wow-0330\mangos-tbc-master\bin\builddir\src\game\game.dir\release\darkshore.obj
c:\wow\wow-0330\mangos-tbc-master\bin\builddir\src\game\game.dir\release\instance_dire_maul.obj
c:\wow\wow-0330\mangos-tbc-master\bin\builddir\src\game\game.dir\release\instance_onyxias_lair.obj
c:\wow\wow-0330\mangos-tbc-master\bin\builddir\src\game\game.dir\release\razorfen_kraul.obj
c:\wow\wow-0330\mangos-tbc-master\bin\builddir\src\game\game.dir\release\boss_ossirian.obj
c:\wow\wow-0330\mangos-tbc-master\bin\builddir\src\game\game.dir\release\tanaris.obj
c:\wow\wow-0330\mangos-tbc-master\bin\builddir\src\game\game.dir\release\boss_huhuran.obj
c:\wow\wow-0330\mangos-tbc-master\bin\builddir\src\game\game.dir\release\boss_twinemperors.obj
c:\wow\wow-0330\mangos-tbc-master\bin\builddir\src\game\game.dir\release\the_barrens.obj
c:\wow\wow-0330\mangos-tbc-master\bin\builddir\src\game\game.dir\release\boss_nexusprince_shaffar.obj
c:\wow\wow-0330\mangos-tbc-master\bin\builddir\src\game\game.dir\release\boss_anzu.obj
c:\wow\wow-0330\mangos-tbc-master\bin\builddir\src\game\game.dir\release\boss_mother_shahraz.obj
c:\wow\wow-0330\mangos-tbc-master\bin\builddir\src\game\game.dir\release\boss_warlord_najentus.obj
c:\wow\wow-0330\mangos-tbc-master\bin\builddir\src\game\game.dir\release\boss_fathomlord_karathress.obj
c:\wow\wow-0330\mangos-tbc-master\bin\builddir\src\game\game.dir\release\boss_morogrim_tidewalker.obj
c:\wow\wow-0330\mangos-tbc-master\bin\builddir\src\game\game.dir\release\instance_steam_vault.obj
c:\wow\wow-0330\mangos-tbc-master\bin\builddir\src\game\game.dir\release\boss_gruul.obj
c:\wow\wow-0330\mangos-tbc-master\bin\builddir\src\game\game.dir\release\boss_the_maker.obj
c:\wow\wow-0330\mangos-tbc-master\bin\builddir\src\game\game.dir\release\boss_watchkeeper_gargolmar.obj
c:\wow\wow-0330\mangos-tbc-master\bin\builddir\src\game\game.dir\release\boss_nethekurse.obj
c:\wow\wow-0330\mangos-tbc-master\bin\builddir\src\game\game.dir\release\shadowmoon_valley.obj
c:\wow\wow-0330\mangos-tbc-master\bin\builddir\src\game\game.dir\release\bosses_emerald_dragons.obj
c:\wow\wow-0330\mangos-tbc-master\bin\builddir\src\game\game.dir\release\mob_generic_creature.obj
c:\wow\wow-0330\mangos-tbc-master\bin\builddir\src\game\game.dir\release\world_map_scripts.obj
c:\wow\wow-0330\mangos-tbc-master\bin\builddir\src\game\game.dir\release\addonhandler.obj
c:\wow\wow-0330\mangos-tbc-master\bin\builddir\src\game\game.dir\release\auctionhousehandler.obj
c:\wow\wow-0330\mangos-tbc-master\bin\builddir\src\game\game.dir\release\battlegroundbe.obj
c:\wow\wow-0330\mangos-tbc-master\bin\builddir\src\game\game.dir\release\battlegroundmgr.obj
c:\wow\wow-0330\mangos-tbc-master\bin\builddir\src\game\game.dir\release\m2stores.obj
c:\wow\wow-0330\mangos-tbc-master\bin\builddir\src\game\game.dir\release\scriptmgr.obj
c:\wow\wow-0330\mangos-tbc-master\bin\builddir\src\game\game.dir\release\itemhandler.obj
c:\wow\wow-0330\mangos-tbc-master\bin\builddir\src\game\game.dir\release\objectvisibility.obj
c:\wow\wow-0330\mangos-tbc-master\bin\builddir\src\game\game.dir\release\pet.obj
c:\wow\wow-0330\mangos-tbc-master\bin\builddir\src\game\game.dir\release\taxi.obj
c:\wow\wow-0330\mangos-tbc-master\bin\builddir\src\game\game.dir\release\gameeventmgr.obj
c:\wow\wow-0330\mangos-tbc-master\bin\builddir\src\game\game.dir\release\groupreference.obj
c:\wow\wow-0330\mangos-tbc-master\bin\builddir\src\game\game.dir\release\guild.obj
c:\wow\wow-0330\mangos-tbc-master\bin\builddir\src\game\game.dir\release\loothandler.obj
c:\wow\wow-0330\mangos-tbc-master\bin\builddir\src\game\game.dir\release\mail.obj
c:\wow\wow-0330\mangos-tbc-master\bin\builddir\src\game\game.dir\release\instancedata.obj
c:\wow\wow-0330\mangos-tbc-master\bin\builddir\src\game\game.dir\release\mapmanager.obj
c:\wow\wow-0330\mangos-tbc-master\bin\builddir\src\game\game.dir\release\motionmaster.obj
c:\wow\wow-0330\mangos-tbc-master\bin\builddir\src\game\game.dir\release\pointmovementgenerator.obj
c:\wow\wow-0330\mangos-tbc-master\bin\builddir\src\game\game.dir\release\waypointmanager.obj
c:\wow\wow-0330\mangos-tbc-master\bin\builddir\src\game\game.dir\release\util.obj
c:\wow\wow-0330\mangos-tbc-master\bin\builddir\src\game\game.dir\release\outdoorpvpmgr.obj
c:\wow\wow-0330\mangos-tbc-master\bin\builddir\src\game\game.dir\release\outdoorpvpzm.obj
c:\wow\wow-0330\mangos-tbc-master\bin\builddir\src\game\game.dir\release\poolmanager.obj
c:\wow\wow-0330\mangos-tbc-master\bin\builddir\src\game\game.dir\release\mage.obj
c:\wow\wow-0330\mangos-tbc-master\bin\builddir\src\game\game.dir\release\paladin.obj
c:\wow\wow-0330\mangos-tbc-master\bin\builddir\src\game\game.dir\release\priest.obj
c:\wow\wow-0330\mangos-tbc-master\bin\builddir\src\game\game.dir\release\spellauras.obj
c:\wow\wow-0330\mangos-tbc-master\bin\builddir\src\game\game.dir\release\spelltargets.obj
c:\wow\wow-0330\mangos-tbc-master\bin\builddir\src\game\game.dir\release\tradehandler.obj
c:\wow\wow-0330\mangos-tbc-master\bin\builddir\src\game\game.dir\release\bih.obj
c:\wow\wow-0330\mangos-tbc-master\bin\builddir\src\game\game.dir\release\dynamictree.obj
c:\wow\wow-0330\mangos-tbc-master\bin\builddir\src\game\game.dir\release\tileassembler.obj
c:\wow\wow-0330\mangos-tbc-master\bin\builddir\src\game\game.dir\release\gameobjectai.obj
c:\wow\wow-0330\mangos-tbc-master\bin\builddir\src\game\game.dir\release\petai.obj
c:\wow\wow-0330\mangos-tbc-master\bin\builddir\src\game\game.dir\release\creatureeventai.obj
c:\wow\wow-0330\mangos-tbc-master\bin\builddir\src\game\game.dir\release\boss_general_angerforge.obj
c:\wow\wow-0330\mangos-tbc-master\bin\builddir\src\game\game.dir\release\boss_gyth.obj
c:\wow\wow-0330\mangos-tbc-master\bin\builddir\src\game\game.dir\release\boss_broodlord_lashlayer.obj
c:\wow\wow-0330\mangos-tbc-master\bin\builddir\src\game\game.dir\release\boss_firemaw.obj
c:\wow\wow-0330\mangos-tbc-master\bin\builddir\src\game\game.dir\release\blasted_lands.obj
c:\wow\wow-0330\mangos-tbc-master\bin\builddir\src\game\game.dir\release\boss_mr_smite.obj
c:\wow\wow-0330\mangos-tbc-master\bin\builddir\src\game\game.dir\release\deadmines.obj
c:\wow\wow-0330\mangos-tbc-master\bin\builddir\src\game\game.dir\release\elwynn_forest.obj
c:\wow\wow-0330\mangos-tbc-master\bin\builddir\src\game\game.dir\release\boss_thermaplugg.obj
c:\wow\wow-0330\mangos-tbc-master\bin\builddir\src\game\game.dir\release\boss_curator.obj
c:\wow\wow-0330\mangos-tbc-master\bin\builddir\src\game\game.dir\release\boss_terestian_illhoof.obj
c:\wow\wow-0330\mangos-tbc-master\bin\builddir\src\game\game.dir\release\boss_selin_fireheart.obj
c:\wow\wow-0330\mangos-tbc-master\bin\builddir\src\game\game.dir\release\boss_baron_geddon.obj
c:\wow\wow-0330\mangos-tbc-master\bin\builddir\src\game\game.dir\release\boss_ragnaros.obj
c:\wow\wow-0330\mangos-tbc-master\bin\builddir\src\game\game.dir\release\boss_heigan.obj
c:\wow\wow-0330\mangos-tbc-master\bin\builddir\src\game\game.dir\release\boss_thaddius.obj
c:\wow\wow-0330\mangos-tbc-master\bin\builddir\src\game\game.dir\release\boss_headless_horseman.obj
c:\wow\wow-0330\mangos-tbc-master\bin\builddir\src\game\game.dir\release\instance_scholomance.obj
c:\wow\wow-0330\mangos-tbc-master\bin\builddir\src\game\game.dir\release\boss_felmyst.obj
c:\wow\wow-0330\mangos-tbc-master\bin\builddir\src\game\game.dir\release\instance_sunwell_plateau.obj
c:\wow\wow-0330\mangos-tbc-master\bin\builddir\src\game\game.dir\release\boss_halazzi.obj
c:\wow\wow-0330\mangos-tbc-master\bin\builddir\src\game\game.dir\release\zulamanscripts.obj
c:\wow\wow-0330\mangos-tbc-master\bin\builddir\src\game\game.dir\release\boss_renataki.obj
c:\wow\wow-0330\mangos-tbc-master\bin\builddir\src\game\game.dir\release\example_creature.obj
c:\wow\wow-0330\mangos-tbc-master\bin\builddir\src\game\game.dir\release\ashenvale.obj
c:\wow\wow-0330\mangos-tbc-master\bin\builddir\src\game\game.dir\release\boss_azuregos.obj
c:\wow\wow-0330\mangos-tbc-master\bin\builddir\src\game\game.dir\release\boss_temporus.obj
c:\wow\wow-0330\mangos-tbc-master\bin\builddir\src\game\game.dir\release\hyjal.obj
c:\wow\wow-0330\mangos-tbc-master\bin\builddir\src\game\game.dir\release\ungoro_crater.obj
c:\wow\wow-0330\mangos-tbc-master\bin\builddir\src\game\game.dir\release\zulfarrak.obj
c:\wow\wow-0330\mangos-tbc-master\bin\builddir\src\game\game.dir\release\boss_shirrak.obj
c:\wow\wow-0330\mangos-tbc-master\bin\builddir\src\game\game.dir\release\boss_pandemonius.obj
c:\wow\wow-0330\mangos-tbc-master\bin\builddir\src\game\game.dir\release\boss_talon_king_ikiss.obj
c:\wow\wow-0330\mangos-tbc-master\bin\builddir\src\game\game.dir\release\boss_bloodboil.obj
c:\wow\wow-0330\mangos-tbc-master\bin\builddir\src\game\game.dir\release\boss_teron_gorefiend.obj
c:\wow\wow-0330\mangos-tbc-master\bin\builddir\src\game\game.dir\release\boss_hydross_the_unstable.obj
c:\wow\wow-0330\mangos-tbc-master\bin\builddir\src\game\game.dir\release\boss_the_lurker_below.obj
c:\wow\wow-0330\mangos-tbc-master\bin\builddir\src\game\game.dir\release\instance_slave_pens.obj
c:\wow\wow-0330\mangos-tbc-master\bin\builddir\src\game\game.dir\release\boss_black_stalker.obj
c:\wow\wow-0330\mangos-tbc-master\bin\builddir\src\game\game.dir\release\boss_broggok.obj
c:\wow\wow-0330\mangos-tbc-master\bin\builddir\src\game\game.dir\release\boss_omor_the_unscarred.obj
c:\wow\wow-0330\mangos-tbc-master\bin\builddir\src\game\game.dir\release\instance_hellfire_ramparts.obj
c:\wow\wow-0330\mangos-tbc-master\bin\builddir\src\game\game.dir\release\hellfire_peninsula.obj
c:\wow\wow-0330\mangos-tbc-master\bin\builddir\src\game\game.dir\release\boss_kaelthas.obj
c:\wow\wow-0330\mangos-tbc-master\bin\builddir\src\game\game.dir\release\boss_nethermancer_sepethrea.obj
c:\wow\wow-0330\mangos-tbc-master\bin\builddir\src\game\game.dir\release\world_outland.obj
c:\wow\wow-0330\mangos-tbc-master\bin\builddir\src\game\game.dir\release\arenateamhandler.obj
c:\wow\wow-0330\mangos-tbc-master\bin\builddir\src\game\game.dir\release\battlegroundab.obj
c:\wow\wow-0330\mangos-tbc-master\bin\builddir\src\game\game.dir\release\battlegroundey.obj
c:\wow\wow-0330\mangos-tbc-master\bin\builddir\src\game\game.dir\release\battlegroundws.obj
c:\wow\wow-0330\mangos-tbc-master\bin\builddir\src\game\game.dir\release\chathandler.obj
c:\wow\wow-0330\mangos-tbc-master\bin\builddir\src\game\game.dir\release\cinematicmgr.obj
c:\wow\wow-0330\mangos-tbc-master\bin\builddir\src\game\game.dir\release\combathandler.obj
c:\wow\wow-0330\mangos-tbc-master\bin\builddir\src\game\game.dir\release\combatmanager.obj
c:\wow\wow-0330\mangos-tbc-master\bin\builddir\src\game\game.dir\release\duelhandler.obj
c:\wow\wow-0330\mangos-tbc-master\bin\builddir\src\game\game.dir\release\hostilerefmanager.obj
c:\wow\wow-0330\mangos-tbc-master\bin\builddir\src\game\game.dir\release\threatmanager.obj
c:\wow\wow-0330\mangos-tbc-master\bin\builddir\src\game\game.dir\release\bag.obj
c:\wow\wow-0330\mangos-tbc-master\bin\builddir\src\game\game.dir\release\camera.obj
c:\wow\wow-0330\mangos-tbc-master\bin\builddir\src\game\game.dir\release\dynamicobject.obj
c:\wow\wow-0330\mangos-tbc-master\bin\builddir\src\game\game.dir\release\item.obj
c:\wow\wow-0330\mangos-tbc-master\bin\builddir\src\game\game.dir\release\itemenchantmentmgr.obj
c:\wow\wow-0330\mangos-tbc-master\bin\builddir\src\game\game.dir\release\npchandler.obj
c:\wow\wow-0330\mangos-tbc-master\bin\builddir\src\game\game.dir\release\petitionshandler.obj
c:\wow\wow-0330\mangos-tbc-master\bin\builddir\src\game\game.dir\release\temporaryspawn.obj
c:\wow\wow-0330\mangos-tbc-master\bin\builddir\src\game\game.dir\release\unit.obj
c:\wow\wow-0330\mangos-tbc-master\bin\builddir\src\game\game.dir\release\guildmgr.obj
c:\wow\wow-0330\mangos-tbc-master\bin\builddir\src\game\game.dir\release\massmailmgr.obj
c:\wow\wow-0330\mangos-tbc-master\bin\builddir\src\game\game.dir\release\map.obj
c:\wow\wow-0330\mangos-tbc-master\bin\builddir\src\game\game.dir\release\movementgenerator.obj
c:\wow\wow-0330\mangos-tbc-master\bin\builddir\src\game\game.dir\release\movementhandler.obj
c:\wow\wow-0330\mangos-tbc-master\bin\builddir\src\game\game.dir\release\characterdatabasecleaner.obj
c:\wow\wow-0330\mangos-tbc-master\bin\builddir\src\game\game.dir\release\voicechathandler.obj
c:\wow\wow-0330\mangos-tbc-master\bin\builddir\src\game\game.dir\release\worldstate.obj
c:\wow\wow-0330\mangos-tbc-master\bin\builddir\src\game\game.dir\release\modelinstance.obj
c:\wow\wow-0330\mangos-tbc-master\bin\builddir\src\game\game.dir\release\worldmodel.obj
c:\wow\wow-0330\mangos-tbc-master\bin\builddir\src\game\game.dir\release\nullcreatureai.obj
c:\wow\wow-0330\mangos-tbc-master\bin\builddir\src\game\game.dir\release\unitai.obj
c:\wow\wow-0330\mangos-tbc-master\bin\builddir\src\game\game.dir\release\combatai.obj
c:\wow\wow-0330\mangos-tbc-master\bin\builddir\src\game\game.dir\release\follower_ai.obj
c:\wow\wow-0330\mangos-tbc-master\bin\builddir\src\game\game.dir\release\guard_ai.obj
c:\wow\wow-0330\mangos-tbc-master\bin\builddir\src\game\game.dir\release\sc_grid_searchers.obj
c:\wow\wow-0330\mangos-tbc-master\bin\builddir\src\game\game.dir\release\boss_emperor_dagran_thaurissan.obj
c:\wow\wow-0330\mangos-tbc-master\bin\builddir\src\game\game.dir\release\boss_overlord_wyrmthalak.obj
c:\wow\wow-0330\mangos-tbc-master\bin\builddir\src\game\game.dir\release\instance_blackrock_spire.obj
c:\wow\wow-0330\mangos-tbc-master\bin\builddir\src\game\game.dir\release\boss_nefarian.obj
c:\wow\wow-0330\mangos-tbc-master\bin\builddir\src\game\game.dir\release\gnomeregan.obj
c:\wow\wow-0330\mangos-tbc-master\bin\builddir\src\game\game.dir\release\ironforge.obj
c:\wow\wow-0330\mangos-tbc-master\bin\builddir\src\game\game.dir\release\boss_midnight.obj
c:\wow\wow-0330\mangos-tbc-master\bin\builddir\src\game\game.dir\release\boss_shade_of_aran.obj
c:\wow\wow-0330\mangos-tbc-master\bin\builddir\src\game\game.dir\release\karazhanscripts.obj
c:\wow\wow-0330\mangos-tbc-master\bin\builddir\src\game\game.dir\release\boss_priestess_delrissa.obj
c:\wow\wow-0330\mangos-tbc-master\bin\builddir\src\game\game.dir\release\boss_garr.obj
c:\wow\wow-0330\mangos-tbc-master\bin\builddir\src\game\game.dir\release\boss_shazzrah.obj
c:\wow\wow-0330\mangos-tbc-master\bin\builddir\src\game\game.dir\release\boss_four_horsemen.obj
c:\wow\wow-0330\mangos-tbc-master\bin\builddir\src\game\game.dir\release\boss_loatheb.obj
c:\wow\wow-0330\mangos-tbc-master\bin\builddir\src\game\game.dir\release\boss_sapphiron.obj
c:\wow\wow-0330\mangos-tbc-master\bin\builddir\src\game\game.dir\release\boss_darkmaster_gandling.obj
c:\wow\wow-0330\mangos-tbc-master\bin\builddir\src\game\game.dir\release\searing_gorge.obj
c:\wow\wow-0330\mangos-tbc-master\bin\builddir\src\game\game.dir\release\silverpine_forest.obj
c:\wow\wow-0330\mangos-tbc-master\bin\builddir\src\game\game.dir\release\boss_baroness_anastari.obj
c:\wow\wow-0330\mangos-tbc-master\bin\builddir\src\game\game.dir\release\boss_order_of_silver_hand.obj
c:\wow\wow-0330\mangos-tbc-master\bin\builddir\src\game\game.dir\release\boss_kalecgos.obj
c:\wow\wow-0330\mangos-tbc-master\bin\builddir\src\game\game.dir\release\tirisfal_glades.obj
c:\wow\wow-0330\mangos-tbc-master\bin\builddir\src\game\game.dir\release\undercity.obj
c:\wow\wow-0330\mangos-tbc-master\bin\builddir\src\game\game.dir\release\boss_janalai.obj
c:\wow\wow-0330\mangos-tbc-master\bin\builddir\src\game\game.dir\release\boss_jeklik.obj
c:\wow\wow-0330\mangos-tbc-master\bin\builddir\src\game\game.dir\release\boss_thekal.obj
c:\wow\wow-0330\mangos-tbc-master\bin\builddir\src\game\game.dir\release\bloodmyst_isle.obj
c:\wow\wow-0330\mangos-tbc-master\bin\builddir\src\game\game.dir\release\boss_chrono_lord_deja.obj
c:\wow\wow-0330\mangos-tbc-master\bin\builddir\src\game\game.dir\release\boss_anetheron.obj
c:\wow\wow-0330\mangos-tbc-master\bin\builddir\src\game\game.dir\release\instance_old_hillsbrad.obj
c:\wow\wow-0330\mangos-tbc-master\bin\builddir\src\game\game.dir\release\feralas.obj
c:\wow\wow-0330\mangos-tbc-master\bin\builddir\src\game\game.dir\release\moonglade.obj
c:\wow\wow-0330\mangos-tbc-master\bin\builddir\src\game\game.dir\release\orgrimmar.obj
c:\wow\wow-0330\mangos-tbc-master\bin\builddir\src\game\game.dir\release\instance_razorfen_kraul.obj
c:\wow\wow-0330\mangos-tbc-master\bin\builddir\src\game\game.dir\release\boss_buru.obj
c:\wow\wow-0330\mangos-tbc-master\bin\builddir\src\game\game.dir\release\boss_rajaxx.obj
c:\wow\wow-0330\mangos-tbc-master\bin\builddir\src\game\game.dir\release\boss_fankriss.obj
c:\wow\wow-0330\mangos-tbc-master\bin\builddir\src\game\game.dir\release\boss_viscidus.obj
c:\wow\wow-0330\mangos-tbc-master\bin\builddir\src\game\game.dir\release\thousand_needles.obj
c:\wow\wow-0330\mangos-tbc-master\bin\builddir\src\game\game.dir\release\winterspring.obj
c:\wow\wow-0330\mangos-tbc-master\bin\builddir\src\game\game.dir\release\instance_zulfarrak.obj
c:\wow\wow-0330\mangos-tbc-master\bin\builddir\src\game\game.dir\release\boss_darkweaver_syth.obj
c:\wow\wow-0330\mangos-tbc-master\bin\builddir\src\game\game.dir\release\boss_ambassador_hellmaw.obj
c:\wow\wow-0330\mangos-tbc-master\bin\builddir\src\game\game.dir\release\boss_grandmaster_vorpil.obj
c:\wow\wow-0330\mangos-tbc-master\bin\builddir\src\game\game.dir\release\black_temple.obj
c:\wow\wow-0330\mangos-tbc-master\bin\builddir\src\game\game.dir\release\boss_shade_of_akama.obj
c:\wow\wow-0330\mangos-tbc-master\bin\builddir\src\game\game.dir\release\boss_doomlord_kazzak.obj
c:\wow\wow-0330\mangos-tbc-master\bin\builddir\src\game\game.dir\release\boss_terokk.obj
c:\wow\wow-0330\mangos-tbc-master\bin\builddir\src\game\game.dir\release\boss_ahune.obj
c:\wow\wow-0330\mangos-tbc-master\bin\builddir\src\game\game.dir\release\boss_hydromancer_thespia.obj
c:\wow\wow-0330\mangos-tbc-master\bin\builddir\src\game\game.dir\release\boss_hungarfen.obj
c:\wow\wow-0330\mangos-tbc-master\bin\builddir\src\game\game.dir\release\underbog.obj
c:\wow\wow-0330\mangos-tbc-master\bin\builddir\src\game\game.dir\release\instance_gruuls_lair.obj
c:\wow\wow-0330\mangos-tbc-master\bin\builddir\src\game\game.dir\release\magtheridons_lair.obj
c:\wow\wow-0330\mangos-tbc-master\bin\builddir\src\game\game.dir\release\instance_shattered_halls.obj
c:\wow\wow-0330\mangos-tbc-master\bin\builddir\src\game\game.dir\release\boss_soccothrates.obj
c:\wow\wow-0330\mangos-tbc-master\bin\builddir\src\game\game.dir\release\boss_laj.obj
c:\wow\wow-0330\mangos-tbc-master\bin\builddir\src\game\game.dir\release\boss_thorngrin_the_tender.obj
c:\wow\wow-0330\mangos-tbc-master\bin\builddir\src\game\game.dir\release\boss_alar.obj
c:\wow\wow-0330\mangos-tbc-master\bin\builddir\src\game\game.dir\release\boss_pathaleon_the_calculator.obj
c:\wow\wow-0330\mangos-tbc-master\bin\builddir\src\game\game.dir\release\zangarmarsh.obj
c:\wow\wow-0330\mangos-tbc-master\bin\builddir\src\game\game.dir\release\npcs_special.obj
c:\wow\wow-0330\mangos-tbc-master\bin\builddir\src\game\game.dir\release\auctionhousebot.obj
c:\wow\wow-0330\mangos-tbc-master\bin\builddir\src\game\game.dir\release\battlegroundrl.obj
c:\wow\wow-0330\mangos-tbc-master\bin\builddir\src\game\game.dir\release\channel.obj
c:\wow\wow-0330\mangos-tbc-master\bin\builddir\src\game\game.dir\release\level1.obj
c:\wow\wow-0330\mangos-tbc-master\bin\builddir\src\game\game.dir\release\petcommands.obj
c:\wow\wow-0330\mangos-tbc-master\bin\builddir\src\game\game.dir\release\ticketcommands.obj
c:\wow\wow-0330\mangos-tbc-master\bin\builddir\src\game\game.dir\release\debugcmds.obj
c:\wow\wow-0330\mangos-tbc-master\bin\builddir\src\game\game.dir\release\characterhandler.obj
c:\wow\wow-0330\mangos-tbc-master\bin\builddir\src\game\game.dir\release\entitiesmgr.obj
c:\wow\wow-0330\mangos-tbc-master\bin\builddir\src\game\game.dir\release\gameobject.obj
c:\wow\wow-0330\mangos-tbc-master\bin\builddir\src\game\game.dir\release\player.obj
c:\wow\wow-0330\mangos-tbc-master\bin\builddir\src\game\game.dir\release\objectposselector.obj
c:\wow\wow-0330\mangos-tbc-master\bin\builddir\src\game\game.dir\release\taxihandler.obj
c:\wow\wow-0330\mangos-tbc-master\bin\builddir\src\game\game.dir\release\followerreference.obj
c:\wow\wow-0330\mangos-tbc-master\bin\builddir\src\game\game.dir\release\idlemovementgenerator.obj
c:\wow\wow-0330\mangos-tbc-master\bin\builddir\src\game\game.dir\release\movemap.obj
c:\wow\wow-0330\mangos-tbc-master\bin\builddir\src\game\game.dir\release\randommovementgenerator.obj
c:\wow\wow-0330\mangos-tbc-master\bin\builddir\src\game\game.dir\release\wrappermovementgenerator.obj
c:\wow\wow-0330\mangos-tbc-master\bin\builddir\src\game\game.dir\release\movespline.obj
c:\wow\wow-0330\mangos-tbc-master\bin\builddir\src\game\game.dir\release\spline.obj
c:\wow\wow-0330\mangos-tbc-master\bin\builddir\src\game\game.dir\release\outdoorpvphp.obj
c:\wow\wow-0330\mangos-tbc-master\bin\builddir\src\game\game.dir\release\outdoorpvpna.obj
c:\wow\wow-0330\mangos-tbc-master\bin\builddir\src\game\game.dir\release\questhandler.obj
c:\wow\wow-0330\mangos-tbc-master\bin\builddir\src\game\game.dir\release\worldsession.obj
c:\wow\wow-0330\mangos-tbc-master\bin\builddir\src\game\game.dir\release\shaman.obj
c:\wow\wow-0330\mangos-tbc-master\bin\builddir\src\game\game.dir\release\warrior.obj
c:\wow\wow-0330\mangos-tbc-master\bin\builddir\src\game\game.dir\release\spell.obj
c:\wow\wow-0330\mangos-tbc-master\bin\builddir\src\game\game.dir\release\world.obj
c:\wow\wow-0330\mangos-tbc-master\bin\builddir\src\game\cmakefiles\generate.stamp
c:\wow\wow-0330\mangos-tbc-master\bin\builddir\src\game\release\game.lib
c:\wow\wow-0330\mangos-tbc-master\bin\builddir\src\game\game.dir\release\game.tlog\cl.command.1.tlog
c:\wow\wow-0330\mangos-tbc-master\bin\builddir\src\game\game.dir\release\game.tlog\cl.read.1.tlog
c:\wow\wow-0330\mangos-tbc-master\bin\builddir\src\game\game.dir\release\game.tlog\cl.write.1.tlog
c:\wow\wow-0330\mangos-tbc-master\bin\builddir\src\game\game.dir\release\game.tlog\custombuild.command.1.tlog
c:\wow\wow-0330\mangos-tbc-master\bin\builddir\src\game\game.dir\release\game.tlog\custombuild.read.1.tlog
c:\wow\wow-0330\mangos-tbc-master\bin\builddir\src\game\game.dir\release\game.tlog\custombuild.write.1.tlog
c:\wow\wow-0330\mangos-tbc-master\bin\builddir\src\game\game.dir\release\game.tlog\lib-link.read.1.tlog
c:\wow\wow-0330\mangos-tbc-master\bin\builddir\src\game\game.dir\release\game.tlog\lib-link.write.1.tlog
c:\wow\wow-0330\mangos-tbc-master\bin\builddir\src\game\game.dir\release\game.tlog\lib.command.1.tlog
